<?xml version="1.0" encoding="UTF-8"?>
<coverage generated="1785673596940" clover="3.2.0">
  <project timestamp="1785673596941" name="All files">
    <metrics statements="32" coveredstatements="11" conditionals="19" coveredconditionals="10" methods="20" coveredmethods="6" elements="71" coveredelements="27" complexity="0" loc="32" ncloc="32" packages="3" files="6" classes="6"/>
    <package name="components">
      <metrics statements="8" coveredstatements="1" conditionals="6" coveredconditionals="0" methods="6" coveredmethods="1"/>
      <file name="ScoreStats.tsx" path="C:\Users\Josemafita\Desktop\js-training\react\session4\src\components\ScoreStats.tsx">
        <metrics statements="8" coveredstatements="1" conditionals="6" coveredconditionals="0" methods="6" coveredmethods="1"/>
        <line num="19" count="4" type="stmt"/>
        <line num="43" count="0" type="stmt"/>
        <line num="45" count="0" type="stmt"/>
        <line num="46" count="0" type="stmt"/>
        <line num="48" count="0" type="stmt"/>
        <line num="63" count="0" type="stmt"/>
        <line num="70" count="0" type="stmt"/>
        <line num="75" count="0" type="stmt"/>
      </file>
    </package>
    <package name="contexts">
      <metrics statements="15" coveredstatements="1" conditionals="3" coveredconditionals="0" methods="9" coveredmethods="0"/>
      <file name="intern-context.tsx" path="C:\Users\Josemafita\Desktop\js-training\react\session4\src\contexts\intern-context.tsx">
        <metrics statements="15" coveredstatements="1" conditionals="3" coveredconditionals="0" methods="9" coveredmethods="0"/>
        <line num="31" count="1" type="stmt"/>
        <line num="40" count="0" type="stmt"/>
        <line num="43" count="0" type="stmt"/>
        <line num="45" count="0" type="stmt"/>
        <line num="46" count="0" type="stmt"/>
        <line num="47" count="0" type="stmt"/>
        <line num="78" count="0" type="stmt"/>
        <line num="82" count="0" type="stmt"/>
        <line num="94" count="0" type="stmt"/>
        <line num="95" count="0" type="stmt"/>
        <line num="99" count="0" type="stmt"/>
        <line num="115" count="0" type="stmt"/>
        <line num="117" count="0" type="cond" truecount="0" falsecount="2"/>
        <line num="118" count="0" type="stmt"/>
        <line num="123" count="0" type="stmt"/>
      </file>
    </package>
    <package name="utils">
      <metrics statements="9" coveredstatements="9" conditionals="10" coveredconditionals="10" methods="5" coveredmethods="5"/>
      <file name="generate-id.ts" path="C:\Users\Josemafita\Desktop\js-training\react\session4\src\utils\generate-id.ts">
        <metrics statements="1" coveredstatements="1" conditionals="2" coveredconditionals="2" methods="1" coveredmethods="1"/>
        <line num="53" count="3" type="stmt"/>
      </file>
      <file name="intern-utils.ts" path="C:\Users\Josemafita\Desktop\js-training\react\session4\src\utils\intern-utils.ts">
        <metrics statements="2" coveredstatements="2" conditionals="2" coveredconditionals="2" methods="2" coveredmethods="2"/>
        <line num="13" count="5" type="stmt"/>
        <line num="15" count="15" type="cond" truecount="2" falsecount="0"/>
      </file>
      <file name="intern-validation.ts" path="C:\Users\Josemafita\Desktop\js-training\react\session4\src\utils\intern-validation.ts">
        <metrics statements="5" coveredstatements="5" conditionals="6" coveredconditionals="6" methods="1" coveredmethods="1"/>
        <line num="5" count="7" type="cond" truecount="2" falsecount="0"/>
        <line num="6" count="2" type="stmt"/>
        <line num="9" count="5" type="cond" truecount="4" falsecount="0"/>
        <line num="10" count="2" type="stmt"/>
        <line num="13" count="3" type="stmt"/>
      </file>
      <file name="request-utils.ts" path="C:\Users\Josemafita\Desktop\js-training\react\session4\src\utils\request-utils.ts">
        <metrics statements="1" coveredstatements="1" conditionals="0" coveredconditionals="0" methods="1" coveredmethods="1"/>
        <line num="11" count="1" type="stmt"/>
      </file>
    </package>
  </project>
</coverage>
