{"C:\\Users\\Josemafita\\Desktop\\js-training\\react\\session4\\src\\components\\ScoreStats.tsx": {"path":"C:\\Users\\Josemafita\\Desktop\\js-training\\react\\session4\\src\\components\\ScoreStats.tsx","statementMap":{"0":{"start":{"line":19,"column":2},"end":{"line":39,"column":null}},"1":{"start":{"line":43,"column":22},"end":{"line":43,"column":33}},"2":{"start":{"line":45,"column":16},"end":{"line":73,"column":null}},"3":{"start":{"line":46,"column":19},"end":{"line":46,"column":null}},"4":{"start":{"line":46,"column":43},"end":{"line":46,"column":55}},"5":{"start":{"line":48,"column":4},"end":{"line":72,"column":null}},"6":{"start":{"line":63,"column":32},"end":{"line":63,"column":null}},"7":{"start":{"line":70,"column":20},"end":{"line":70,"column":null}},"8":{"start":{"line":75,"column":2},"end":{"line":82,"column":null}}},"fnMap":{"0":{"name":"ScoreStats","decl":{"start":{"line":12,"column":16},"end":{"line":12,"column":27}},"loc":{"start":{"line":18,"column":20},"end":{"line":41,"column":null}},"line":18},"1":{"name":"ScoreStatsContainer","decl":{"start":{"line":42,"column":16},"end":{"line":42,"column":38}},"loc":{"start":{"line":42,"column":38},"end":{"line":84,"column":null}},"line":42},"2":{"name":"(anonymous_2)","decl":{"start":{"line":45,"column":16},"end":{"line":45,"column":30}},"loc":{"start":{"line":45,"column":30},"end":{"line":73,"column":5}},"line":45},"3":{"name":"(anonymous_3)","decl":{"start":{"line":46,"column":27},"end":{"line":46,"column":32}},"loc":{"start":{"line":46,"column":43},"end":{"line":46,"column":55}},"line":46},"4":{"name":"(anonymous_4)","decl":{"start":{"line":62,"column":21},"end":{"line":62,"column":null}},"loc":{"start":{"line":63,"column":32},"end":{"line":63,"column":null}},"line":63},"5":{"name":"(anonymous_5)","decl":{"start":{"line":69,"column":23},"end":{"line":69,"column":null}},"loc":{"start":{"line":70,"column":20},"end":{"line":70,"column":null}},"line":70}},"branchMap":{"0":{"loc":{"start":{"line":50,"column":8},"end":{"line":52,"column":null}},"type":"cond-expr","locations":[{"start":{"line":51,"column":12},"end":{"line":51,"column":null}},{"start":{"line":52,"column":12},"end":{"line":52,"column":null}}],"line":50},"1":{"loc":{"start":{"line":55,"column":8},"end":{"line":57,"column":null}},"type":"cond-expr","locations":[{"start":{"line":56,"column":12},"end":{"line":56,"column":null}},{"start":{"line":57,"column":12},"end":{"line":57,"column":null}}],"line":55},"2":{"loc":{"start":{"line":60,"column":8},"end":{"line":67,"column":null}},"type":"cond-expr","locations":[{"start":{"line":61,"column":12},"end":{"line":66,"column":null}},{"start":{"line":67,"column":12},"end":{"line":67,"column":null}}],"line":60}},"s":{"0":4,"1":0,"2":0,"3":0,"4":0,"5":0,"6":0,"7":0,"8":0},"f":{"0":4,"1":0,"2":0,"3":0,"4":0,"5":0},"b":{"0":[0,0],"1":[0,0],"2":[0,0]},"meta":{"lastBranch":3,"lastFunction":6,"lastStatement":9,"seen":{"f:12:16:12:27":0,"s:19:2:39:Infinity":0,"f:42:16:42:38":1,"s:43:22:43:33":1,"s:45:16:73:Infinity":2,"f:45:16:45:30":2,"s:46:19:46:Infinity":3,"f:46:27:46:32":3,"s:46:43:46:55":4,"s:48:4:72:Infinity":5,"b:51:12:51:Infinity:52:12:52:Infinity":0,"b:56:12:56:Infinity:57:12:57:Infinity":1,"b:61:12:66:Infinity:67:12:67:Infinity":2,"f:62:21:62:Infinity":4,"s:63:32:63:Infinity":6,"f:69:23:69:Infinity":5,"s:70:20:70:Infinity":7,"s:75:2:82:Infinity":8},"fnNames":{}}}
,"C:\\Users\\Josemafita\\Desktop\\js-training\\react\\session4\\src\\contexts\\intern-context.tsx": {"path":"C:\\Users\\Josemafita\\Desktop\\js-training\\react\\session4\\src\\contexts\\intern-context.tsx","statementMap":{"0":{"start":{"line":31,"column":2},"end":{"line":33,"column":null}},"1":{"start":{"line":40,"column":4},"end":{"line":40,"column":null}},"2":{"start":{"line":43,"column":4},"end":{"line":43,"column":null}},"3":{"start":{"line":45,"column":2},"end":{"line":80,"column":null}},"4":{"start":{"line":46,"column":4},"end":{"line":79,"column":null}},"5":{"start":{"line":47,"column":6},"end":{"line":76,"column":null}},"6":{"start":{"line":78,"column":6},"end":{"line":78,"column":null}},"7":{"start":{"line":82,"column":2},"end":{"line":88,"column":null}},"8":{"start":{"line":82,"column":23},"end":{"line":88,"column":3}},"9":{"start":{"line":94,"column":4},"end":{"line":96,"column":null}},"10":{"start":{"line":95,"column":6},"end":{"line":95,"column":null}},"11":{"start":{"line":95,"column":25},"end":{"line":95,"column":36}},"12":{"start":{"line":99,"column":2},"end":{"line":109,"column":null}},"13":{"start":{"line":115,"column":4},"end":{"line":115,"column":null}},"14":{"start":{"line":117,"column":2},"end":{"line":121,"column":null}},"15":{"start":{"line":118,"column":4},"end":{"line":120,"column":null}},"16":{"start":{"line":123,"column":2},"end":{"line":123,"column":null}}},"fnMap":{"0":{"name":"InternProvider","decl":{"start":{"line":35,"column":16},"end":{"line":35,"column":31}},"loc":{"start":{"line":38,"column":24},"end":{"line":111,"column":null}},"line":38},"1":{"name":"(anonymous_1)","decl":{"start":{"line":45,"column":2},"end":{"line":45,"column":18}},"loc":{"start":{"line":45,"column":18},"end":{"line":80,"column":5}},"line":45},"2":{"name":"(anonymous_2)","decl":{"start":{"line":46,"column":4},"end":{"line":46,"column":21}},"loc":{"start":{"line":46,"column":21},"end":{"line":79,"column":7}},"line":46},"3":{"name":"addIntern","decl":{"start":{"line":81,"column":9},"end":{"line":81,"column":19}},"loc":{"start":{"line":81,"column":53},"end":{"line":89,"column":null}},"line":81},"4":{"name":"(anonymous_4)","decl":{"start":{"line":82,"column":2},"end":{"line":82,"column":14}},"loc":{"start":{"line":82,"column":23},"end":{"line":88,"column":3}},"line":82},"5":{"name":"removeIntern","decl":{"start":{"line":91,"column":11},"end":{"line":91,"column":null}},"loc":{"start":{"line":93,"column":10},"end":{"line":97,"column":null}},"line":93},"6":{"name":"(anonymous_6)","decl":{"start":{"line":94,"column":4},"end":{"line":94,"column":16}},"loc":{"start":{"line":95,"column":6},"end":{"line":95,"column":null}},"line":95},"7":{"name":"(anonymous_7)","decl":{"start":{"line":95,"column":11},"end":{"line":95,"column":19}},"loc":{"start":{"line":95,"column":25},"end":{"line":95,"column":36}},"line":95},"8":{"name":"useInterns","decl":{"start":{"line":113,"column":16},"end":{"line":113,"column":29}},"loc":{"start":{"line":113,"column":29},"end":{"line":124,"column":null}},"line":113}},"branchMap":{"0":{"loc":{"start":{"line":37,"column":2},"end":{"line":37,"column":null}},"type":"default-arg","locations":[{"start":{"line":37,"column":15},"end":{"line":37,"column":null}}],"line":37},"1":{"loc":{"start":{"line":117,"column":2},"end":{"line":121,"column":null}},"type":"if","locations":[{"start":{"line":117,"column":2},"end":{"line":121,"column":null}},{"start":{},"end":{}}],"line":117}},"s":{"0":1,"1":0,"2":0,"3":0,"4":0,"5":0,"6":0,"7":0,"8":0,"9":0,"10":0,"11":0,"12":0,"13":0,"14":0,"15":0,"16":0},"f":{"0":0,"1":0,"2":0,"3":0,"4":0,"5":0,"6":0,"7":0,"8":0},"b":{"0":[0],"1":[0,0]},"meta":{"lastBranch":2,"lastFunction":9,"lastStatement":17,"seen":{"s:31:2:33:Infinity":0,"f:35:16:35:31":0,"b:37:15:37:Infinity":0,"s:40:4:40:Infinity":1,"s:43:4:43:Infinity":2,"s:45:2:80:Infinity":3,"f:45:2:45:18":1,"s:46:4:79:Infinity":4,"f:46:4:46:21":2,"s:47:6:76:Infinity":5,"s:78:6:78:Infinity":6,"f:81:9:81:19":3,"s:82:2:88:Infinity":7,"f:82:2:82:14":4,"s:82:23:88:3":8,"f:91:11:91:Infinity":5,"s:94:4:96:Infinity":9,"f:94:4:94:16":6,"s:95:6:95:Infinity":10,"f:95:11:95:19":7,"s:95:25:95:36":11,"s:99:2:109:Infinity":12,"f:113:16:113:29":8,"s:115:4:115:Infinity":13,"b:117:2:121:Infinity:undefined:undefined:undefined:undefined":1,"s:117:2:121:Infinity":14,"s:118:4:120:Infinity":15,"s:123:2:123:Infinity":16},"fnNames":{}}}
,"C:\\Users\\Josemafita\\Desktop\\js-training\\react\\session4\\src\\utils\\generate-id.ts": {"path":"C:\\Users\\Josemafita\\Desktop\\js-training\\react\\session4\\src\\utils\\generate-id.ts","statementMap":{"0":{"start":{"line":53,"column":2},"end":{"line":53,"column":null}}},"fnMap":{"0":{"name":"generateInternId","decl":{"start":{"line":49,"column":16},"end":{"line":49,"column":null}},"loc":{"start":{"line":52,"column":10},"end":{"line":54,"column":null}},"line":52}},"branchMap":{"0":{"loc":{"start":{"line":50,"column":2},"end":{"line":50,"column":null}},"type":"default-arg","locations":[{"start":{"line":50,"column":22},"end":{"line":50,"column":null}}],"line":50},"1":{"loc":{"start":{"line":51,"column":2},"end":{"line":51,"column":null}},"type":"default-arg","locations":[{"start":{"line":51,"column":25},"end":{"line":51,"column":null}}],"line":51}},"s":{"0":3},"f":{"0":3},"b":{"0":[3],"1":[3]},"meta":{"lastBranch":2,"lastFunction":1,"lastStatement":1,"seen":{"f:49:16:49:Infinity":0,"b:50:22:50:Infinity":0,"b:51:25:51:Infinity":1,"s:53:2:53:Infinity":0},"fnNames":{}}}
,"C:\\Users\\Josemafita\\Desktop\\js-training\\react\\session4\\src\\utils\\intern-utils.ts": {"path":"C:\\Users\\Josemafita\\Desktop\\js-training\\react\\session4\\src\\utils\\intern-utils.ts","statementMap":{"0":{"start":{"line":13,"column":2},"end":{"line":21,"column":null}},"1":{"start":{"line":15,"column":6},"end":{"line":20,"column":null}}},"fnMap":{"0":{"name":"filterInterns","decl":{"start":{"line":9,"column":16},"end":{"line":9,"column":null}},"loc":{"start":{"line":12,"column":12},"end":{"line":22,"column":null}},"line":12},"1":{"name":"(anonymous_1)","decl":{"start":{"line":13,"column":17},"end":{"line":13,"column":null}},"loc":{"start":{"line":15,"column":6},"end":{"line":20,"column":null}},"line":15}},"branchMap":{"0":{"loc":{"start":{"line":15,"column":6},"end":{"line":20,"column":null}},"type":"binary-expr","locations":[{"start":{"line":15,"column":6},"end":{"line":17,"column":null}},{"start":{"line":18,"column":6},"end":{"line":20,"column":null}}],"line":15}},"s":{"0":5,"1":15},"f":{"0":5,"1":15},"b":{"0":[15,11]},"meta":{"lastBranch":1,"lastFunction":2,"lastStatement":2,"seen":{"f:9:16:9:Infinity":0,"s:13:2:21:Infinity":0,"f:13:17:13:Infinity":1,"s:15:6:20:Infinity":1,"b:15:6:17:Infinity:18:6:20:Infinity":0},"fnNames":{}}}
,"C:\\Users\\Josemafita\\Desktop\\js-training\\react\\session4\\src\\utils\\intern-validation.ts": {"path":"C:\\Users\\Josemafita\\Desktop\\js-training\\react\\session4\\src\\utils\\intern-validation.ts","statementMap":{"0":{"start":{"line":5,"column":2},"end":{"line":7,"column":null}},"1":{"start":{"line":6,"column":4},"end":{"line":6,"column":null}},"2":{"start":{"line":9,"column":2},"end":{"line":11,"column":null}},"3":{"start":{"line":10,"column":4},"end":{"line":10,"column":null}},"4":{"start":{"line":13,"column":2},"end":{"line":13,"column":null}}},"fnMap":{"0":{"name":"validateInternForm","decl":{"start":{"line":1,"column":16},"end":{"line":1,"column":null}},"loc":{"start":{"line":4,"column":17},"end":{"line":14,"column":null}},"line":4}},"branchMap":{"0":{"loc":{"start":{"line":5,"column":2},"end":{"line":7,"column":null}},"type":"if","locations":[{"start":{"line":5,"column":2},"end":{"line":7,"column":null}},{"start":{},"end":{}}],"line":5},"1":{"loc":{"start":{"line":9,"column":2},"end":{"line":11,"column":null}},"type":"if","locations":[{"start":{"line":9,"column":2},"end":{"line":11,"column":null}},{"start":{},"end":{}}],"line":9},"2":{"loc":{"start":{"line":9,"column":6},"end":{"line":9,"column":32}},"type":"binary-expr","locations":[{"start":{"line":9,"column":6},"end":{"line":9,"column":19}},{"start":{"line":9,"column":19},"end":{"line":9,"column":32}}],"line":9}},"s":{"0":7,"1":2,"2":5,"3":2,"4":3},"f":{"0":7},"b":{"0":[2,5],"1":[2,3],"2":[5,4]},"meta":{"lastBranch":3,"lastFunction":1,"lastStatement":5,"seen":{"f:1:16:1:Infinity":0,"b:5:2:7:Infinity:undefined:undefined:undefined:undefined":0,"s:5:2:7:Infinity":0,"s:6:4:6:Infinity":1,"b:9:2:11:Infinity:undefined:undefined:undefined:undefined":1,"s:9:2:11:Infinity":2,"b:9:6:9:19:9:19:9:32":2,"s:10:4:10:Infinity":3,"s:13:2:13:Infinity":4},"fnNames":{}}}
,"C:\\Users\\Josemafita\\Desktop\\js-training\\react\\session4\\src\\utils\\request-utils.ts": {"path":"C:\\Users\\Josemafita\\Desktop\\js-training\\react\\session4\\src\\utils\\request-utils.ts","statementMap":{"0":{"start":{"line":11,"column":2},"end":{"line":11,"column":null}}},"fnMap":{"0":{"name":"prepareInternPayload","decl":{"start":{"line":8,"column":16},"end":{"line":8,"column":null}},"loc":{"start":{"line":10,"column":2},"end":{"line":12,"column":null}},"line":10}},"branchMap":{},"s":{"0":1},"f":{"0":1},"b":{},"meta":{"lastBranch":0,"lastFunction":1,"lastStatement":1,"seen":{"f:8:16:8:Infinity":0,"s:11:2:11:Infinity":0},"fnNames":{}}}
}
